{"/home/josh/MailChimp_BE/src/markDownToHtmlConverter.ts": {"path":"/home/josh/MailChimp_BE/src/markDownToHtmlConverter.ts","statementMap":{"0":{"start":{"line":1,"column":37},"end":{"line":22,"column":3}},"1":{"start":{"line":2,"column":4},"end":{"line":2,"column":40}},"2":{"start":{"line":2,"column":24},"end":{"line":2,"column":40}},"3":{"start":{"line":4,"column":18},"end":{"line":4,"column":38}},"4":{"start":{"line":5,"column":27},"end":{"line":17,"column":6}},"5":{"start":{"line":6,"column":26},"end":{"line":6,"column":37}},"6":{"start":{"line":7,"column":6},"end":{"line":7,"column":40}},"7":{"start":{"line":7,"column":30},"end":{"line":7,"column":40}},"8":{"start":{"line":9,"column":6},"end":{"line":9,"column":86}},"9":{"start":{"line":9,"column":44},"end":{"line":9,"column":86}},"10":{"start":{"line":10,"column":6},"end":{"line":10,"column":85}},"11":{"start":{"line":10,"column":43},"end":{"line":10,"column":85}},"12":{"start":{"line":11,"column":6},"end":{"line":11,"column":84}},"13":{"start":{"line":11,"column":42},"end":{"line":11,"column":84}},"14":{"start":{"line":12,"column":6},"end":{"line":12,"column":83}},"15":{"start":{"line":12,"column":41},"end":{"line":12,"column":83}},"16":{"start":{"line":13,"column":6},"end":{"line":13,"column":82}},"17":{"start":{"line":13,"column":40},"end":{"line":13,"column":82}},"18":{"start":{"line":14,"column":6},"end":{"line":14,"column":81}},"19":{"start":{"line":14,"column":39},"end":{"line":14,"column":81}},"20":{"start":{"line":16,"column":6},"end":{"line":16,"column":37}},"21":{"start":{"line":19,"column":27},"end":{"line":19,"column":52}},"22":{"start":{"line":20,"column":17},"end":{"line":20,"column":62}},"23":{"start":{"line":21,"column":2},"end":{"line":21,"column":14}},"24":{"start":{"line":1,"column":13},"end":{"line":1,"column":37}},"25":{"start":{"line":23,"column":45},"end":{"line":25,"column":1}},"26":{"start":{"line":24,"column":2},"end":{"line":24,"column":72}},"27":{"start":{"line":23,"column":13},"end":{"line":23,"column":45}}},"fnMap":{"0":{"name":"(anonymous_0)","decl":{"start":{"line":1,"column":37},"end":{"line":1,"column":38}},"loc":{"start":{"line":1,"column":66},"end":{"line":22,"column":3}}},"1":{"name":"(anonymous_1)","decl":{"start":{"line":5,"column":37},"end":{"line":5,"column":38}},"loc":{"start":{"line":5,"column":46},"end":{"line":17,"column":5}}},"2":{"name":"(anonymous_2)","decl":{"start":{"line":23,"column":45},"end":{"line":23,"column":46}},"loc":{"start":{"line":23,"column":74},"end":{"line":25,"column":1}}}},"branchMap":{"0":{"loc":{"start":{"line":2,"column":4},"end":{"line":2,"column":40}},"type":"if","locations":[{"start":{"line":2,"column":4},"end":{"line":2,"column":40}}]},"1":{"loc":{"start":{"line":7,"column":6},"end":{"line":7,"column":40}},"type":"if","locations":[{"start":{"line":7,"column":6},"end":{"line":7,"column":40}}]},"2":{"loc":{"start":{"line":9,"column":6},"end":{"line":9,"column":86}},"type":"if","locations":[{"start":{"line":9,"column":6},"end":{"line":9,"column":86}}]},"3":{"loc":{"start":{"line":10,"column":6},"end":{"line":10,"column":85}},"type":"if","locations":[{"start":{"line":10,"column":6},"end":{"line":10,"column":85}}]},"4":{"loc":{"start":{"line":11,"column":6},"end":{"line":11,"column":84}},"type":"if","locations":[{"start":{"line":11,"column":6},"end":{"line":11,"column":84}}]},"5":{"loc":{"start":{"line":12,"column":6},"end":{"line":12,"column":83}},"type":"if","locations":[{"start":{"line":12,"column":6},"end":{"line":12,"column":83}}]},"6":{"loc":{"start":{"line":13,"column":6},"end":{"line":13,"column":82}},"type":"if","locations":[{"start":{"line":13,"column":6},"end":{"line":13,"column":82}}]},"7":{"loc":{"start":{"line":14,"column":6},"end":{"line":14,"column":81}},"type":"if","locations":[{"start":{"line":14,"column":6},"end":{"line":14,"column":81}}]}},"s":{"0":1,"1":2,"2":1,"3":1,"4":1,"5":4,"6":4,"7":2,"8":2,"9":0,"10":2,"11":0,"12":2,"13":0,"14":2,"15":0,"16":2,"17":1,"18":1,"19":1,"20":0,"21":1,"22":1,"23":1,"24":1,"25":1,"26":2,"27":1},"f":{"0":2,"1":4,"2":2},"b":{"0":[1],"1":[2],"2":[0],"3":[0],"4":[0],"5":[0],"6":[1],"7":[1]}}
}
